<?xml version="1.0" encoding="UTF-8"?>
<!-- Generated by org.testng.reporters.JUnitReportReporter -->
<testsuite skipped="0" hostname="cchauhan-PC" name="EEExecution.ExecuteCases" tests="1" failures="0" timestamp="2020-06-28T03:36:09 IST" time="6.760" errors="0">
  <testcase name="ValidateLogin" time="6.760" classname="EEExecution.ExecuteCases"/>
  <system-out/>
</testsuite> <!-- EEExecution.ExecuteCases -->
