<?xml version="1.0" encoding="UTF-8"?>
<!-- Generated by org.testng.reporters.JUnitReportReporter -->
<testsuite skipped="0" hostname="PIS046" name="EEExecution.ExecuteCases" tests="1" failures="0" timestamp="2020-06-28T22:59:38 IST" time="10.051" errors="0">
  <testcase name="ValidateLogin" time="10.051" classname="EEExecution.ExecuteCases"/>
  <system-out/>
</testsuite> <!-- EEExecution.ExecuteCases -->
